Ghost is running in development... 
Listening on 195.114.211.40:2368 
Url configured as: http://195.114.211.40:2368 
Ctrl+C to shut down
[0mGET /ghost/team/diego/ [32m200 [0m91.656 ms - -[0m
[0mGET /ghost/vendor.css?v=219cf85ca5 [32m200 [0m12.059 ms - -[0m
[0mGET /ghost/ghost.css?v=219cf85ca5 [32m200 [0m11.712 ms - -[0m
[0mGET /ghost/ghost.js?v=219cf85ca5 [32m200 [0m8.759 ms - -[0m
[0mGET /ghost/vendor.js?v=219cf85ca5 [32m200 [0m9.003 ms - -[0m
[0mPOST /ghost/api/v0.1/authentication/token [32m200 [0m214.611 ms - -[0m
[0mGET /ghost/api/v0.1/settings/?type=blog%2Ctheme%2Cprivate [32m200 [0m208.112 ms - -[0m
[0mGET /favicon.ico [32m200 [0m6.330 ms - -[0m
[0mGET /ghost/api/v0.1/users/me/?include=roles&status=all [32m200 [0m125.452 ms - 714[0m
[0mGET /ghost/api/v0.1/users/slug/diego/?include=roles%2Ccount.posts [32m200 [0m66.999 ms - 734[0m
[0mGET /ghost/api/v0.1/notifications/ [32m200 [0m43.766 ms - 20[0m
[0mGET /ghost/api/v0.1/settings/?type=blog%2Ctheme%2Cprivate [32m200 [0m65.676 ms - -[0m
[0mGET /ghost/api/v0.1/tags/?limit=all [32m200 [0m78.411 ms - 426[0m
[0mGET /ghost/api/v0.1/users/?limit=all&include=roles [32m200 [0m87.795 ms - 805[0m
[0mGET /ghost/api/v0.1/posts/?page=1&limit=15&status=all&staticPages=all&include=tags [32m200 [0m71.001 ms - -[0m
[0mGET /ghost/api/v0.1/slugs/post/Porqu%C3%A9%20Olivia/ [36m301 [0m19.389 ms - 82[0m
[0mGET /ghost/api/v0.1/slugs/post/porqu%c3%a9%20olivia/ [32m200 [0m49.298 ms - 36[0m
[0mPOST /ghost/api/v0.1/posts/?include=tags [32m201 [0m130.783 ms - 504[0m
[0mPUT /ghost/api/v0.1/posts/3/?include=tags [32m200 [0m118.327 ms - 504[0m
[0mPUT /ghost/api/v0.1/posts/3/?include=tags [32m200 [0m159.144 ms - 599[0m
[0mGET /content/images/2017/03/HolaCorazon-1.png [32m200 [0m4.956 ms - 10794[0m
[0mGET /ghost/img/ghosticon.jpg [32m200 [0m6.307 ms - 2499[0m
[0mGET / [32m200 [0m213.778 ms - -[0m
[0mGET /assets/css/style.css?v=219cf85ca5 [32m200 [0m13.920 ms - -[0m
[0mGET /assets/css/subbscribe.css?v=219cf85ca5 [32m200 [0m14.597 ms - -[0m
[0mGET /assets/js/subbscribe.min.js?v=219cf85ca5 [32m200 [0m13.470 ms - -[0m
[0mGET /assets/js/index.js?v=219cf85ca5 [32m200 [0m12.209 ms - -[0m
[0mGET /assets/js/infinitescroll.min.js?v=219cf85ca5 [32m200 [0m12.137 ms - -[0m
[0mGET / [36m304 [0m145.685 ms - -[0m
[0mGET / [36m304 [0m116.236 ms - -[0m
[0mGET /assets/css/style.css?v=219cf85ca5 [36m304 [0m7.878 ms - -[0m
[0mGET /assets/css/subbscribe.css?v=219cf85ca5 [36m304 [0m3.826 ms - -[0m
[0mGET /assets/js/subbscribe.min.js?v=219cf85ca5 [36m304 [0m1.859 ms - -[0m
[0mGET /assets/js/infinitescroll.min.js?v=219cf85ca5 [36m304 [0m5.006 ms - -[0m
[0mGET /assets/js/index.js?v=219cf85ca5 [36m304 [0m1.723 ms - -[0m
[0mGET / [36m304 [0m193.921 ms - -[0m
[0mGET / [32m200 [0m223.828 ms - -[0m
[0mGET / [36m304 [0m70.325 ms - -[0m
[0mGET /assets/css/style.css?v=219cf85ca5 [36m304 [0m4.348 ms - -[0m
[0mGET /assets/css/subbscribe.css?v=219cf85ca5 [36m304 [0m2.729 ms - -[0m
[0mGET /assets/js/subbscribe.min.js?v=219cf85ca5 [36m304 [0m4.705 ms - -[0m
[0mGET /assets/js/infinitescroll.min.js?v=219cf85ca5 [36m304 [0m2.304 ms - -[0m
[0mGET /assets/js/index.js?v=219cf85ca5 [36m304 [0m1.091 ms - -[0m
[0mGET / [36m304 [0m65.948 ms - -[0m
[0mGET /assets/css/style.css?v=219cf85ca5 [36m304 [0m1.971 ms - -[0m
[0mGET /assets/css/subbscribe.css?v=219cf85ca5 [36m304 [0m1.607 ms - -[0m
[0mGET /assets/js/subbscribe.min.js?v=219cf85ca5 [36m304 [0m2.188 ms - -[0m
[0mGET /assets/js/infinitescroll.min.js?v=219cf85ca5 [36m304 [0m4.648 ms - -[0m
[0mGET /assets/js/index.js?v=219cf85ca5 [36m304 [0m1.483 ms - -[0m
[0mGET / [36m304 [0m64.878 ms - -[0m
[0mGET / [36m304 [0m57.454 ms - -[0m
[0mGET / [32m200 [0m55.569 ms - -[0m
[0mGET / [36m304 [0m63.645 ms - -[0m
[0mGET /assets/css/style.css?v=219cf85ca5 [36m304 [0m1.512 ms - -[0m
[0mGET /assets/css/subbscribe.css?v=219cf85ca5 [36m304 [0m1.604 ms - -[0m
[0mGET /assets/js/subbscribe.min.js?v=219cf85ca5 [36m304 [0m1.100 ms - -[0m
[0mGET /assets/js/infinitescroll.min.js?v=219cf85ca5 [36m304 [0m2.901 ms - -[0m
[0mGET /assets/js/index.js?v=219cf85ca5 [36m304 [0m1.347 ms - -[0m
[0mGET / [36m304 [0m48.950 ms - -[0m
[0mGET / [36m304 [0m58.780 ms - -[0m
[0mGET /assets/css/style.css?v=219cf85ca5 [36m304 [0m1.525 ms - -[0m
[0mGET /assets/css/subbscribe.css?v=219cf85ca5 [36m304 [0m1.915 ms - -[0m
[0mGET /assets/js/subbscribe.min.js?v=219cf85ca5 [36m304 [0m1.308 ms - -[0m
[0mGET /assets/js/infinitescroll.min.js?v=219cf85ca5 [36m304 [0m2.658 ms - -[0m
[0mGET /assets/js/index.js?v=219cf85ca5 [36m304 [0m2.428 ms - -[0m
[0mGET / [36m304 [0m70.499 ms - -[0m
[0mGET /assets/css/style.css?v=219cf85ca5 [36m304 [0m6.068 ms - -[0m
[0mGET /assets/css/subbscribe.css?v=219cf85ca5 [36m304 [0m2.283 ms - -[0m
[0mGET /assets/js/subbscribe.min.js?v=219cf85ca5 [36m304 [0m1.737 ms - -[0m
[0mGET /assets/js/infinitescroll.min.js?v=219cf85ca5 [36m304 [0m2.241 ms - -[0m
[0mGET /assets/js/index.js?v=219cf85ca5 [36m304 [0m4.659 ms - -[0m
[0mGET / [36m304 [0m88.546 ms - -[0m
[0mGET /assets/css/style.css?v=219cf85ca5 [36m304 [0m1.636 ms - -[0m
[0mGET /assets/css/subbscribe.css?v=219cf85ca5 [36m304 [0m1.114 ms - -[0m
[0mGET /assets/js/subbscribe.min.js?v=219cf85ca5 [36m304 [0m1.188 ms - -[0m
[0mGET /assets/js/infinitescroll.min.js?v=219cf85ca5 [36m304 [0m3.195 ms - -[0m
[0mGET /assets/js/index.js?v=219cf85ca5 [36m304 [0m12.301 ms - -[0m
[0mGET / [0m- [0m- ms - -[0m
[0mGET / [32m200 [0m60.791 ms - -[0m
[0mGET / [0m- [0m- ms - -[0m
[0mGET / [32m200 [0m72.697 ms - -[0m
[0mGET / [32m200 [0m68.033 ms - -[0m
[0mGET /assets/css/style.css?v=219cf85ca5 [36m304 [0m2.440 ms - -[0m
[0mGET /assets/css/subbscribe.css?v=219cf85ca5 [36m304 [0m2.073 ms - -[0m
[0mGET /assets/js/subbscribe.min.js?v=219cf85ca5 [36m304 [0m1.999 ms - -[0m
[0mGET /assets/js/infinitescroll.min.js?v=219cf85ca5 [36m304 [0m1.853 ms - -[0m
[0mGET /assets/js/index.js?v=219cf85ca5 [36m304 [0m1.508 ms - -[0m
[0mGET / [36m304 [0m60.520 ms - -[0m
[0mGET /assets/css/style.css?v=219cf85ca5 [36m304 [0m2.535 ms - -[0m
[0mGET /assets/css/subbscribe.css?v=219cf85ca5 [36m304 [0m1.142 ms - -[0m
[0mGET /assets/js/subbscribe.min.js?v=219cf85ca5 [36m304 [0m2.280 ms - -[0m
[0mGET /assets/js/infinitescroll.min.js?v=219cf85ca5 [36m304 [0m1.637 ms - -[0m
[0mGET /assets/js/index.js?v=219cf85ca5 [36m304 [0m1.244 ms - -[0m
[0mGET / [32m200 [0m74.435 ms - -[0m
[0mGET / [0m- [0m- ms - -[0m
[0mGET / [32m200 [0m97.275 ms - -[0m
[0mGET /assets/css/style.css?v=219cf85ca5 [36m304 [0m1.660 ms - -[0m
[0mGET /assets/css/subbscribe.css?v=219cf85ca5 [36m304 [0m1.180 ms - -[0m
[0mGET /assets/js/subbscribe.min.js?v=219cf85ca5 [36m304 [0m1.237 ms - -[0m
[0mGET /assets/js/infinitescroll.min.js?v=219cf85ca5 [36m304 [0m1.272 ms - -[0m
[0mGET /assets/js/index.js?v=219cf85ca5 [36m304 [0m1.036 ms - -[0m
[0mGET / [36m304 [0m65.379 ms - -[0m
[0mGET /assets/css/style.css?v=219cf85ca5 [36m304 [0m2.001 ms - -[0m
[0mGET /assets/css/subbscribe.css?v=219cf85ca5 [36m304 [0m1.966 ms - -[0m
[0mGET /assets/js/subbscribe.min.js?v=219cf85ca5 [36m304 [0m1.590 ms - -[0m
[0mGET /assets/js/infinitescroll.min.js?v=219cf85ca5 [36m304 [0m1.124 ms - -[0m
[0mGET /assets/js/index.js?v=219cf85ca5 [36m304 [0m1.600 ms - -[0m
[0mGET / [36m304 [0m62.556 ms - -[0m
[0mGET / [0m- [0m- ms - -[0m
[0mGET / [32m200 [0m71.770 ms - -[0m
[0mGET / [32m200 [0m117.682 ms - -[0m
[0mGET /assets/css/style.css?v=219cf85ca5 [36m304 [0m1.725 ms - -[0m
[0mGET /assets/css/subbscribe.css?v=219cf85ca5 [36m304 [0m1.034 ms - -[0m
[0mGET /assets/js/subbscribe.min.js?v=219cf85ca5 [36m304 [0m1.086 ms - -[0m
[0mGET /assets/js/infinitescroll.min.js?v=219cf85ca5 [36m304 [0m2.392 ms - -[0m
[0mGET /assets/js/index.js?v=219cf85ca5 [36m304 [0m1.365 ms - -[0m
[0mGET / [36m304 [0m54.075 ms - -[0m
[0mGET / [36m304 [0m52.926 ms - -[0m
[0mGET / [36m304 [0m54.866 ms - -[0m
[0mGET /assets/css/style.css?v=219cf85ca5 [36m304 [0m3.454 ms - -[0m
[0mGET /assets/css/subbscribe.css?v=219cf85ca5 [36m304 [0m3.650 ms - -[0m
[0mGET /assets/js/subbscribe.min.js?v=219cf85ca5 [36m304 [0m1.219 ms - -[0m
[0mGET /assets/js/infinitescroll.min.js?v=219cf85ca5 [36m304 [0m1.421 ms - -[0m
[0mGET /assets/js/index.js?v=219cf85ca5 [36m304 [0m1.528 ms - -[0m
[0mGET / [32m200 [0m51.778 ms - -[0m
[0mGET / [36m304 [0m60.651 ms - -[0m
[0mGET /assets/css/style.css?v=219cf85ca5 [36m304 [0m1.522 ms - -[0m
[0mGET /assets/css/subbscribe.css?v=219cf85ca5 [36m304 [0m3.737 ms - -[0m
[0mGET /assets/js/subbscribe.min.js?v=219cf85ca5 [36m304 [0m1.281 ms - -[0m
[0mGET /assets/js/infinitescroll.min.js?v=219cf85ca5 [36m304 [0m3.175 ms - -[0m
[0mGET /assets/js/index.js?v=219cf85ca5 [36m304 [0m1.772 ms - -[0m
[0mGET / [36m304 [0m44.231 ms - -[0m
[0mGET /assets/css/style.css?v=219cf85ca5 [36m304 [0m1.383 ms - -[0m
[0mGET /assets/css/subbscribe.css?v=219cf85ca5 [36m304 [0m2.701 ms - -[0m
[0mGET /assets/js/subbscribe.min.js?v=219cf85ca5 [36m304 [0m1.144 ms - -[0m
[0mGET /assets/js/infinitescroll.min.js?v=219cf85ca5 [36m304 [0m1.388 ms - -[0m
[0mGET /assets/js/index.js?v=219cf85ca5 [36m304 [0m1.265 ms - -[0m
[0mGET / [32m200 [0m55.120 ms - -[0m
[0mPUT /ghost/api/v0.1/posts/3/?include=tags [32m200 [0m73.125 ms - 622[0m
[0mGET / [32m200 [0m52.345 ms - -[0m
[0mGET /assets/css/style.css?v=219cf85ca5 [36m304 [0m1.357 ms - -[0m
[0mGET /assets/css/subbscribe.css?v=219cf85ca5 [36m304 [0m1.903 ms - -[0m
[0mGET /assets/js/subbscribe.min.js?v=219cf85ca5 [36m304 [0m2.438 ms - -[0m
[0mGET /assets/js/infinitescroll.min.js?v=219cf85ca5 [36m304 [0m2.114 ms - -[0m
[0mGET /assets/js/index.js?v=219cf85ca5 [36m304 [0m1.865 ms - -[0m
[0mGET / [32m200 [0m51.945 ms - -[0m
[0mGET / [36m304 [0m44.941 ms - -[0m
[0mGET /assets/css/style.css?v=219cf85ca5 [36m304 [0m1.551 ms - -[0m
[0mGET /assets/css/subbscribe.css?v=219cf85ca5 [36m304 [0m1.317 ms - -[0m
[0mGET /assets/js/subbscribe.min.js?v=219cf85ca5 [36m304 [0m1.312 ms - -[0m
[0mGET /assets/js/infinitescroll.min.js?v=219cf85ca5 [36m304 [0m1.147 ms - -[0m
[0mGET /assets/js/index.js?v=219cf85ca5 [36m304 [0m1.210 ms - -[0m
[0mGET / [36m304 [0m61.931 ms - -[0m
[0mGET /assets/css/style.css?v=219cf85ca5 [36m304 [0m1.401 ms - -[0m
[0mGET /assets/css/subbscribe.css?v=219cf85ca5 [36m304 [0m1.307 ms - -[0m
[0mGET /assets/js/subbscribe.min.js?v=219cf85ca5 [36m304 [0m1.325 ms - -[0m
[0mGET /assets/js/infinitescroll.min.js?v=219cf85ca5 [36m304 [0m2.400 ms - -[0m
[0mGET /assets/js/index.js?v=219cf85ca5 [36m304 [0m1.012 ms - -[0m
[0mGET / [32m200 [0m45.017 ms - -[0m
[0mGET / [32m200 [0m64.387 ms - 5728[0m
